2020-11-15 16:04:22 log.py [line:60] INFO: 状态信息
2020-11-15 16:04:22 log.py [line:61] WARNING: 警告信息
2020-11-15 16:04:22 log.py [line:62] ERROR: 错误信息
2020-11-15 16:04:22 log.py [line:63] CRITICAL: 严重错误信息
2020-11-15 16:04:44 log.py [line:60] INFO: 状态信息
2020-11-15 16:04:44 log.py [line:61] WARNING: 警告信息
2020-11-15 16:04:44 log.py [line:62] ERROR: 错误信息
2020-11-15 16:04:44 log.py [line:63] CRITICAL: 严重错误信息
2020-11-15 16:48:08 log.py [line:60] INFO: 状态信息
2020-11-15 16:48:08 log.py [line:61] WARNING: 警告信息
2020-11-15 16:48:08 log.py [line:62] ERROR: 错误信息
2020-11-15 16:48:08 log.py [line:63] CRITICAL: 严重错误信息
2020-11-15 16:48:53 log.py [line:59] INFO: 状态信息
2020-11-15 16:48:53 log.py [line:60] WARNING: 警告信息
2020-11-15 16:48:53 log.py [line:61] ERROR: 错误信息
2020-11-15 16:48:53 log.py [line:62] CRITICAL: 严重错误信息
2020-11-15 16:49:24 log.py [line:58] DEBUG: 调试信息
2020-11-15 16:49:24 log.py [line:59] INFO: 状态信息
2020-11-15 16:49:24 log.py [line:60] WARNING: 警告信息
2020-11-15 16:49:24 log.py [line:61] ERROR: 错误信息
2020-11-15 16:49:24 log.py [line:62] CRITICAL: 严重错误信息
